app/build/intermediates/manifest_merge_blame_file/debug/manifest-merger-blame-debug-report.txt
1<?xml version="1.0" encoding="utf-8"?>
2<manifest xmlns:android="http://schemas.android.com/apk/res/android"
3    package="com.c_od_e.pagination"
4    android:versionCode="1"
5    android:versionName="1.0" >
6
7    <uses-sdk
8        android:minSdkVersion="24"
8-->src\main\AndroidManifest.xml
9        android:targetSdkVersion="30" />
9-->src\main\AndroidManifest.xml
10
11    <uses-permission android:name="android.permission.INTERNET" />
11-->src\main\AndroidManifest.xml:4:5-67
11-->src\main\AndroidManifest.xml:4:22-64
12
13    <application
13-->src\main\AndroidManifest.xml:6:5-24:19
14        android:name="com.c_od_e.pagination.CatApplication"
14-->src\main\AndroidManifest.xml:7:9-39
15        android:allowBackup="true"
15-->src\main\AndroidManifest.xml:8:9-35
16        android:appComponentFactory="androidx.core.app.CoreComponentFactory"
16-->[androidx.core:core:1.3.2] AndroidManifest.xml:24:18-86
17        android:debuggable="true"
18        android:extractNativeLibs="false"
19        android:icon="@mipmap/ic_launcher"
19-->src\main\AndroidManifest.xml:9:9-43
20        android:label="@string/app_name"
20-->src\main\AndroidManifest.xml:10:9-41
21        android:roundIcon="@mipmap/ic_launcher_round"
21-->src\main\AndroidManifest.xml:11:9-54
22        android:supportsRtl="true"
22-->src\main\AndroidManifest.xml:12:9-35
23        android:testOnly="true"
24        android:theme="@style/Theme.CatsPagination" >
24-->src\main\AndroidManifest.xml:13:9-52
25        <activity android:name="com.c_od_e.pagination.view.MainActivity" >
25-->src\main\AndroidManifest.xml:14:9-20:20
25-->src\main\AndroidManifest.xml:14:19-52
26            <intent-filter>
26-->src\main\AndroidManifest.xml:15:13-19:29
27                <action android:name="android.intent.action.MAIN" />
27-->src\main\AndroidManifest.xml:16:17-69
27-->src\main\AndroidManifest.xml:16:25-66
28
29                <category android:name="android.intent.category.LAUNCHER" />
29-->src\main\AndroidManifest.xml:18:17-77
29-->src\main\AndroidManifest.xml:18:27-74
30            </intent-filter>
31        </activity>
32        <activity android:name="com.c_od_e.pagination.view.db.DatabaseActivity" />
32-->src\main\AndroidManifest.xml:21:9-61
32-->src\main\AndroidManifest.xml:21:19-59
33        <activity android:name="com.c_od_e.pagination.view.network.NetworkOnlyActivity" />
33-->src\main\AndroidManifest.xml:22:9-69
33-->src\main\AndroidManifest.xml:22:19-67
34        <activity android:name="com.c_od_e.pagination.view.networkanddb.NetworkAndDatabaseActivity" />
34-->src\main\AndroidManifest.xml:23:9-81
34-->src\main\AndroidManifest.xml:23:19-79
35
36        <service
36-->[androidx.room:room-runtime:2.3.0-beta02] AndroidManifest.xml:25:9-28:40
37            android:name="androidx.room.MultiInstanceInvalidationService"
37-->[androidx.room:room-runtime:2.3.0-beta02] AndroidManifest.xml:26:13-74
38            android:directBootAware="true"
38-->[androidx.room:room-runtime:2.3.0-beta02] AndroidManifest.xml:27:13-43
39            android:exported="false" />
39-->[androidx.room:room-runtime:2.3.0-beta02] AndroidManifest.xml:28:13-37
40    </application>
41
42</manifest>